0 info it worked if it ends with ok
1 verbose cli [ '/home/sandro/tools/node-v6.10.3-linux-x64/bin/node',
1 verbose cli   '/home/sandro/tools/node/bin/npm',
1 verbose cli   'run',
1 verbose cli   'build' ]
2 info using npm@3.10.10
3 info using node@v6.10.3
4 verbose run-script [ 'prebuild', 'build', 'postbuild' ]
5 info lifecycle chatz-web@1.0.0~prebuild: chatz-web@1.0.0
6 silly lifecycle chatz-web@1.0.0~prebuild: no script for prebuild, continuing
7 info lifecycle chatz-web@1.0.0~build: chatz-web@1.0.0
8 verbose lifecycle chatz-web@1.0.0~build: unsafe-perm in lifecycle true
9 verbose lifecycle chatz-web@1.0.0~build: PATH: /home/sandro/tools/node-v6.10.3-linux-x64/lib/node_modules/npm/bin/node-gyp-bin:/home/sandro/chatz-web/node_modules/.bin:/home/sandro/tools/node-v6.10.3-linux-x64/bin:/usr/local/sbin:/usr/local/bin:/usr/sbin:/usr/bin:/sbin:/bin:/usr/games:/usr/local/games:/usr/lib/jvm/jdk1.8.0_65/bin:/home/sandro/tools/maven/bin:/home/sandro/tools/apache-ant-1.9.4/bin:/home/sandro/tools/node/bin:/u01/app/oracle/product/11.2.0/xe/bin:/home/sandro/.gradle/wrapper/dists/gradle-3.3-all/55gk2rcmfc6p2dg9u9ohc3hw9/gradle-3.3/bin
10 verbose lifecycle chatz-web@1.0.0~build: CWD: /home/sandro/chatz-web
11 silly lifecycle chatz-web@1.0.0~build: Args: [ '-c', 'webpack' ]
12 silly lifecycle chatz-web@1.0.0~build: Returned: code: 2  signal: null
13 info lifecycle chatz-web@1.0.0~build: Failed to exec build script
14 verbose stack Error: chatz-web@1.0.0 build: `webpack`
14 verbose stack Exit status 2
14 verbose stack     at EventEmitter.<anonymous> (/home/sandro/tools/node-v6.10.3-linux-x64/lib/node_modules/npm/lib/utils/lifecycle.js:255:16)
14 verbose stack     at emitTwo (events.js:106:13)
14 verbose stack     at EventEmitter.emit (events.js:191:7)
14 verbose stack     at ChildProcess.<anonymous> (/home/sandro/tools/node-v6.10.3-linux-x64/lib/node_modules/npm/lib/utils/spawn.js:40:14)
14 verbose stack     at emitTwo (events.js:106:13)
14 verbose stack     at ChildProcess.emit (events.js:191:7)
14 verbose stack     at maybeClose (internal/child_process.js:886:16)
14 verbose stack     at Process.ChildProcess._handle.onexit (internal/child_process.js:226:5)
15 verbose pkgid chatz-web@1.0.0
16 verbose cwd /home/sandro/chatz-web
17 error Linux 3.13.0-123-generic
18 error argv "/home/sandro/tools/node-v6.10.3-linux-x64/bin/node" "/home/sandro/tools/node/bin/npm" "run" "build"
19 error node v6.10.3
20 error npm  v3.10.10
21 error code ELIFECYCLE
22 error chatz-web@1.0.0 build: `webpack`
22 error Exit status 2
23 error Failed at the chatz-web@1.0.0 build script 'webpack'.
23 error Make sure you have the latest version of node.js and npm installed.
23 error If you do, this is most likely a problem with the chatz-web package,
23 error not with npm itself.
23 error Tell the author that this fails on your system:
23 error     webpack
23 error You can get information on how to open an issue for this project with:
23 error     npm bugs chatz-web
23 error Or if that isn't available, you can get their info via:
23 error     npm owner ls chatz-web
23 error There is likely additional logging output above.
24 verbose exit [ 1, true ]
